<?xml version="1.0" encoding="UTF-8"?>
<!-- Generated by org.testng.reporters.JUnitXMLReporter -->
<testsuite ignored="0" hostname="dhasa" failures="1" tests="4" name="BankingApp Test" time="116.504" errors="0" timestamp="2022-04-24T13:14:56 IST">
  <testcase classname="com.inetbanking.testCases.TC_001_Login" name="loginTest" time="4.445"/>
  <testcase classname="com.inetbanking.testCases.TC_002_Login" name="loginTest" time="6.271"/>
  <testcase classname="com.inetbanking.testCases.TC_002_Login" name="loginTest" time="1.968">
    <failure type="java.lang.AssertionError" message="expected [true] but found [false]">
      <![CDATA[java.lang.AssertionError: expected [true] but found [false]
at com.inetbanking.testCases.TC_002_Login.loginTest(TC_002_Login.java:34)
at java.base/java.util.ArrayList.forEach(ArrayList.java:1541)
... Removed 31 stack frames]]>
    </failure>
  </testcase> <!-- loginTest -->
  <testcase classname="com.inetbanking.testCases.TC_003_AddNewCustomer" name="addNewCustomer" time="13.886"/>
</testsuite> <!-- BankingApp Test -->
